<?xml version="1.0" encoding="UTF-8"?>
<testsuite name="controllers.OfficerAPITest$PersistenceTests" tests="1" skipped="0" failures="0" errors="0" timestamp="2022-04-20T21:22:04" hostname="DESKTOP-BDHT5MI" time="0.202">
  <properties/>
  <testcase name="saving and loading an empty collection in XML doesn't crash app()" classname="controllers.OfficerAPITest$PersistenceTests" time="0.202"/>
  <system-out><![CDATA[]]></system-out>
  <system-err><![CDATA[]]></system-err>
</testsuite>
